<?xml version="1.0" encoding="UTF-8"?>
<!-- Generated by org.testng.reporters.JUnitReportReporter -->
<testsuite hostname="LAPTOP-ERD397M4" failures="0" tests="1" name="demo.SampleTest" time="0.018" errors="0" timestamp="2024-11-04T09:56:04 IST" skipped="0">
  <testcase classname="demo.SampleTest" name="demo" time="0.018"/>
  <system-out>
    <![CDATA[SampleTest class excuted]]>
  </system-out>
</testsuite> <!-- demo.SampleTest -->
