<?xml version="1.0" encoding="UTF-8"?>
<!-- Generated by org.testng.reporters.JUnitReportReporter -->
<testsuite hostname="LAPTOP-ERD397M4" failures="0" tests="1" name="extentReports.ToAttachScreenshotIntoReport" time="8.153" errors="0" timestamp="2024-11-07T09:52:45 IST" skipped="0">
  <testcase classname="extentReports.ToAttachScreenshotIntoReport" name="screenshot" time="8.153"/>
  <system-out/>
</testsuite> <!-- extentReports.ToAttachScreenshotIntoReport -->
