<?xml version="1.0" encoding="UTF-8"?>
<!-- Generated by org.testng.reporters.JUnitReportReporter -->
<testsuite hostname="LAPTOP-ERD397M4" failures="0" tests="1" name="extentReports.TolearnExtentReports" time="0.758" errors="0" timestamp="2024-11-07T09:31:27 IST" skipped="0">
  <testcase classname="extentReports.TolearnExtentReports" name="report" time="0.758"/>
  <system-out/>
</testsuite> <!-- extentReports.TolearnExtentReports -->
