<?xml version="1.0" encoding="UTF-8"?>
<!-- Generated by org.testng.reporters.JUnitReportReporter -->
<testsuite hostname="LAPTOP-ERD397M4" failures="0" tests="1" name="extentReports.AssignExtentReport" time="9.638" errors="0" timestamp="2024-11-07T22:40:35 IST" skipped="0">
  <testcase classname="extentReports.AssignExtentReport" name="Assignment" time="9.638"/>
  <system-out/>
</testsuite> <!-- extentReports.AssignExtentReport -->
